<?xml version="1.0" encoding="UTF-8"?>
<testng-results skipped="0" failed="0" ignored="0" total="2" passed="2">
  <reporter-output>
  </reporter-output>
  <suite name="Surefire suite" duration-ms="218946" started-at="2018-02-04T14:31:56Z" finished-at="2018-02-04T14:35:35Z">
    <groups>
      <group name="cucumber">
        <method signature="AbstractTestNGCucumberTests.feature(cucumber.api.testng.CucumberFeatureWrapper)[pri:0, instance:runner.TestRunner@337d0578]" name="feature" class="cucumber.api.testng.AbstractTestNGCucumberTests"/>
      </group> <!-- cucumber -->
    </groups>
    <test name="Surefire test" duration-ms="218946" started-at="2018-02-04T14:31:56Z" finished-at="2018-02-04T14:35:35Z">
      <class name="runner.TestRunner">
        <test-method status="PASS" signature="setUpClass()[pri:0, instance:runner.TestRunner@337d0578]" name="setUpClass" is-config="true" duration-ms="719" started-at="2018-02-04T14:31:56Z" finished-at="2018-02-04T14:31:57Z">
          <reporter-output>
          </reporter-output>
        </test-method> <!-- setUpClass -->
        <test-method status="PASS" signature="feature(cucumber.api.testng.CucumberFeatureWrapper)[pri:0, instance:runner.TestRunner@337d0578]" name="feature" duration-ms="92779" started-at="2018-02-04T14:31:57Z" description="Runs Cucumber Feature" data-provider="features" finished-at="2018-02-04T14:33:30Z">
          <params>
            <param index="0">
              <value>
                <![CDATA[Place Order and verify if the order is displayed in Order history]]>
              </value>
            </param>
          </params>
          <reporter-output>
          </reporter-output>
        </test-method> <!-- feature -->
        <test-method status="PASS" signature="feature(cucumber.api.testng.CucumberFeatureWrapper)[pri:0, instance:runner.TestRunner@337d0578]" name="feature" duration-ms="125282" started-at="2018-02-04T14:33:30Z" description="Runs Cucumber Feature" data-provider="features" finished-at="2018-02-04T14:35:35Z">
          <params>
            <param index="0">
              <value>
                <![CDATA[Update Personal Information on My Account Page]]>
              </value>
            </param>
          </params>
          <reporter-output>
          </reporter-output>
        </test-method> <!-- feature -->
        <test-method status="PASS" signature="tearDownClass()[pri:0, instance:runner.TestRunner@337d0578]" name="tearDownClass" is-config="true" duration-ms="16" started-at="2018-02-04T14:35:35Z" finished-at="2018-02-04T14:35:35Z">
          <reporter-output>
          </reporter-output>
        </test-method> <!-- tearDownClass -->
      </class> <!-- runner.TestRunner -->
    </test> <!-- Surefire test -->
  </suite> <!-- Surefire suite -->
</testng-results>
