<?xml version="1.0" encoding="UTF-8"?>
<!-- Generated by org.testng.reporters.JUnitXMLReporter -->
<testsuite hostname="PUNITP143902L" ignored="0" name="Surefire test" tests="2" failures="0" timestamp="04 Feb 2018 14:35:35 GMT" time="218.946" errors="0">
  <testcase name="feature" time="92.779" classname="cucumber.api.testng.AbstractTestNGCucumberTests"/>
  <testcase name="feature" time="125.282" classname="cucumber.api.testng.AbstractTestNGCucumberTests"/>
</testsuite> <!-- Surefire test -->
