<?xml version="1.0" encoding="UTF-8"?>
<!-- Generated by org.testng.reporters.JUnitXMLReporter -->
<testsuite hostname="PUNITP143902L" ignored="0" name="Default test" tests="2" failures="0" timestamp="04 Feb 2018 14:43:01 GMT" time="220.489" errors="0">
  <testcase name="feature" time="92.005" classname="cucumber.api.testng.AbstractTestNGCucumberTests"/>
  <testcase name="feature" time="127.956" classname="cucumber.api.testng.AbstractTestNGCucumberTests"/>
</testsuite> <!-- Default test -->
